<?xml version="1.0" encoding="UTF-8" ?>
<testsuite tests="5" failures="0" name="com.buy.together.FaqServiceTest" time="2.748" errors="0" skipped="4">
  <properties>
[...]
</properties>
  <testcase classname="com.buy.together.FaqServiceTest" name="testFaqBuyList" time="0.329">
    <skipped/>
    <system-out>INFO : org.springframework.test.context.support.DefaultTestContextBootstrapper - Loaded default TestExecutionListener class names from location [META-INF/spring.factories]: [org.springframework.test.context.web.ServletTestExecutionListener, org.springframework.test.context.support.DependencyInjectionTestExecutionListener, org.springframework.test.context.support.DirtiesContextTestExecutionListener, org.springframework.test.context.transaction.TransactionalTestExecutionListener, org.springframework.test.context.jdbc.SqlScriptsTestExecutionListener]
INFO : org.springframework.test.context.support.DefaultTestContextBootstrapper - Using TestExecutionListeners: [org.springframework.test.context.web.ServletTestExecutionListener@3fee9989, org.springframework.test.context.support.DependencyInjectionTestExecutionListener@73ad2d6, org.springframework.test.context.support.DirtiesContextTestExecutionListener@7085bdee, org.springframework.test.context.transaction.TransactionalTestExecutionListener@1ce92674, org.springframework.test.context.jdbc.SqlScriptsTestExecutionListener@5700d6b1]
</system-out>
  </testcase>
  <testcase classname="com.buy.together.FaqServiceTest" name="testFaqCenterList" time="0.604"/>
  <testcase classname="com.buy.together.FaqServiceTest" name="testFaqUserList" time="0.605">
    <skipped/>
  </testcase>
  <testcase classname="com.buy.together.FaqServiceTest" name="testFaqInfoList" time="0.605">
    <skipped/>
  </testcase>
  <testcase classname="com.buy.together.FaqServiceTest" name="testFaqAllList" time="0.605">
    <skipped/>
  </testcase>
</testsuite>